2005.08.11 12:13 B G:\globaled\Website\studentsabroad.com\country_img\advice_family.gif <-- LMU /grhodes/country_img advice_family.gif
2005.08.11 12:13 B G:\globaled\Website\studentsabroad.com\country_img\advice_quote.gif <-- LMU /grhodes/country_img advice_quote.gif
2005.08.11 12:13 B G:\globaled\Website\studentsabroad.com\country_img\airport.jpg <-- LMU /grhodes/country_img airport.jpg
2005.08.11 12:13 B G:\globaled\Website\studentsabroad.com\country_img\airport_bags.gif <-- LMU /grhodes/country_img airport_bags.gif
2005.08.11 12:13 B G:\globaled\Website\studentsabroad.com\country_img\airport_plane.gif <-- LMU /grhodes/country_img airport_plane.gif
2005.08.11 12:13 B G:\globaled\Website\studentsabroad.com\country_img\airport_quote.gif <-- LMU /grhodes/country_img airport_quote.gif
2005.08.11 12:13 B G:\globaled\Website\studentsabroad.com\country_img\ambulance.jpg <-- LMU /grhodes/country_img ambulance.jpg
2005.08.11 12:13 B G:\globaled\Website\studentsabroad.com\country_img\application_paper.gif <-- LMU /grhodes/country_img application_paper.gif
2005.08.11 12:13 B G:\globaled\Website\studentsabroad.com\country_img\application_quote.gif <-- LMU /grhodes/country_img application_quote.gif
2005.08.11 12:13 B G:\globaled\Website\studentsabroad.com\country_img\application_student.gif <-- LMU /grhodes/country_img application_student.gif
2005.08.11 12:13 B G:\globaled\Website\studentsabroad.com\country_img\bank.jpg <-- LMU /grhodes/country_img bank.jpg
2005.08.11 12:13 B G:\globaled\Website\studentsabroad.com\country_img\bathroom.jpg <-- LMU /grhodes/country_img bathroom.jpg
2005.08.11 12:13 B G:\globaled\Website\studentsabroad.com\country_img\budgetform.jpg <-- LMU /grhodes/country_img budgetform.jpg
2005.08.11 12:13 B G:\globaled\Website\studentsabroad.com\country_img\budgetform_small.gif <-- LMU /grhodes/country_img budgetform_small.gif
2005.08.11 12:13 B G:\globaled\Website\studentsabroad.com\country_img\checklist.jpg <-- LMU /grhodes/country_img checklist.jpg
2005.08.11 12:13 B G:\globaled\Website\studentsabroad.com\country_img\clear.gif <-- LMU /grhodes/country_img clear.gif
2005.08.11 12:13 B G:\globaled\Website\studentsabroad.com\country_img\communications_card.gif <-- LMU /grhodes/country_img communications_card.gif
2005.08.11 12:13 B G:\globaled\Website\studentsabroad.com\country_img\communications_cell.gif <-- LMU /grhodes/country_img communications_cell.gif
2005.08.11 12:13 B G:\globaled\Website\studentsabroad.com\country_img\communications_email.gif <-- LMU /grhodes/country_img communications_email.gif
2005.08.11 12:13 B G:\globaled\Website\studentsabroad.com\country_img\communications_fax.gif <-- LMU /grhodes/country_img communications_fax.gif
2005.08.11 12:13 B G:\globaled\Website\studentsabroad.com\country_img\communications_mail.gif <-- LMU /grhodes/country_img communications_mail.gif
2005.08.11 12:13 B G:\globaled\Website\studentsabroad.com\country_img\communications_pda.gif <-- LMU /grhodes/country_img communications_pda.gif
2005.08.11 12:13 B G:\globaled\Website\studentsabroad.com\country_img\communications_phone.gif <-- LMU /grhodes/country_img communications_phone.gif
2005.08.11 12:13 B G:\globaled\Website\studentsabroad.com\country_img\communications_satellite.gif <-- LMU /grhodes/country_img communications_satellite.gif
2005.08.11 12:13 B G:\globaled\Website\studentsabroad.com\country_img\count_desk.gif <-- LMU /grhodes/country_img count_desk.gif
2005.08.11 12:13 B G:\globaled\Website\studentsabroad.com\country_img\count_globe.gif <-- LMU /grhodes/country_img count_globe.gif
2005.08.11 12:13 B G:\globaled\Website\studentsabroad.com\country_img\count_hammer.gif <-- LMU /grhodes/country_img count_hammer.gif
2005.08.11 12:13 B G:\globaled\Website\studentsabroad.com\country_img\count_hiker.gif <-- LMU /grhodes/country_img count_hiker.gif
2005.08.11 12:13 B G:\globaled\Website\studentsabroad.com\country_img\count_notes.gif <-- LMU /grhodes/country_img count_notes.gif
2005.08.11 12:13 B G:\globaled\Website\studentsabroad.com\country_img\creatingpeaptn.jpg <-- LMU /grhodes/country_img creatingpeaptn.jpg
2005.08.11 12:13 B G:\globaled\Website\studentsabroad.com\country_img\crisis_clipboard.gif <-- LMU /grhodes/country_img crisis_clipboard.gif
2005.08.11 12:13 B G:\globaled\Website\studentsabroad.com\country_img\crisis_cryrain.gif <-- LMU /grhodes/country_img crisis_cryrain.gif
2005.08.11 12:13 B G:\globaled\Website\studentsabroad.com\country_img\crisis_idea.gif <-- LMU /grhodes/country_img crisis_idea.gif
2005.08.11 12:13 B G:\globaled\Website\studentsabroad.com\country_img\crisis_storm.gif <-- LMU /grhodes/country_img crisis_storm.gif
2005.08.11 12:13 B G:\globaled\Website\studentsabroad.com\country_img\crisis_tommy.gif <-- LMU /grhodes/country_img crisis_tommy.gif
2005.08.11 12:13 B G:\globaled\Website\studentsabroad.com\country_img\crisis_woman.gif <-- LMU /grhodes/country_img crisis_woman.gif
2005.08.11 12:13 B G:\globaled\Website\studentsabroad.com\country_img\direction.gif <-- LMU /grhodes/country_img direction.gif
2005.08.11 12:13 B G:\globaled\Website\studentsabroad.com\country_img\dl_all.gif <-- LMU /grhodes/country_img dl_all.gif
2005.08.11 12:13 B G:\globaled\Website\studentsabroad.com\country_img\emergencyactionstepstn.jpg <-- LMU /grhodes/country_img emergencyactionstepstn.jpg
2005.08.11 12:13 B G:\globaled\Website\studentsabroad.com\country_img\emergencycard.jpg <-- LMU /grhodes/country_img emergencycard.jpg
2005.08.11 12:13 B G:\globaled\Website\studentsabroad.com\country_img\emergencycardtn.jpg <-- LMU /grhodes/country_img emergencycardtn.jpg
2005.08.11 12:13 B G:\globaled\Website\studentsabroad.com\country_img\expectations_coed.gif <-- LMU /grhodes/country_img expectations_coed.gif
2005.08.11 12:13 B G:\globaled\Website\studentsabroad.com\country_img\expectations_sleep.gif <-- LMU /grhodes/country_img expectations_sleep.gif
2005.08.11 12:13 B G:\globaled\Website\studentsabroad.com\country_img\expectations_watch.gif <-- LMU /grhodes/country_img expectations_watch.gif
2005.08.11 12:13 B G:\globaled\Website\studentsabroad.com\country_img\financing_currency.gif <-- LMU /grhodes/country_img financing_currency.gif
2005.08.11 12:13 B G:\globaled\Website\studentsabroad.com\country_img\financing_money.gif <-- LMU /grhodes/country_img financing_money.gif
2005.08.11 12:13 B G:\globaled\Website\studentsabroad.com\country_img\fire.jpg <-- LMU /grhodes/country_img fire.jpg
2005.08.11 12:13 B G:\globaled\Website\studentsabroad.com\country_img\firstaid.jpg <-- LMU /grhodes/country_img firstaid.jpg
2005.08.11 12:13 B G:\globaled\Website\studentsabroad.com\country_img\footer.jpg <-- LMU /grhodes/country_img footer.jpg
2005.08.11 12:13 B G:\globaled\Website\studentsabroad.com\country_img\health_bottle.gif <-- LMU /grhodes/country_img health_bottle.gif
2005.08.11 12:13 B G:\globaled\Website\studentsabroad.com\country_img\health_firstaid.gif <-- LMU /grhodes/country_img health_firstaid.gif
2005.08.11 12:13 B G:\globaled\Website\studentsabroad.com\country_img\health_head.gif <-- LMU /grhodes/country_img health_head.gif
2005.08.11 12:13 B G:\globaled\Website\studentsabroad.com\country_img\health_needles.gif <-- LMU /grhodes/country_img health_needles.gif
2005.08.11 12:13 B G:\globaled\Website\studentsabroad.com\country_img\health_plane.gif <-- LMU /grhodes/country_img health_plane.gif
2005.08.11 12:13 B G:\globaled\Website\studentsabroad.com\country_img\health_shoe.gif <-- LMU /grhodes/country_img health_shoe.gif
2005.08.11 12:13 B G:\globaled\Website\studentsabroad.com\country_img\health_train.gif <-- LMU /grhodes/country_img health_train.gif
2005.08.11 12:13 B G:\globaled\Website\studentsabroad.com\country_img\health_water.gif <-- LMU /grhodes/country_img health_water.gif
2005.08.11 12:13 B G:\globaled\Website\studentsabroad.com\country_img\homesick.gif <-- LMU /grhodes/country_img homesick.gif
2005.08.11 12:13 B G:\globaled\Website\studentsabroad.com\country_img\homeunivowned4.gif <-- LMU /grhodes/country_img homeunivowned4.gif
2005.08.11 12:13 B G:\globaled\Website\studentsabroad.com\country_img\homeunivpartner4.gif <-- LMU /grhodes/country_img homeunivpartner4.gif
2005.08.11 12:13 B G:\globaled\Website\studentsabroad.com\country_img\hospital.jpg <-- LMU /grhodes/country_img hospital.jpg
2005.08.11 12:13 B G:\globaled\Website\studentsabroad.com\country_img\hotel.jpg <-- LMU /grhodes/country_img hotel.jpg
2005.08.11 12:13 B G:\globaled\Website\studentsabroad.com\country_img\housing_apartment.gif <-- LMU /grhodes/country_img housing_apartment.gif
2005.08.11 12:13 B G:\globaled\Website\studentsabroad.com\country_img\housing_dorm.gif <-- LMU /grhodes/country_img housing_dorm.gif
2005.08.11 12:13 B G:\globaled\Website\studentsabroad.com\country_img\housing_homestay.gif <-- LMU /grhodes/country_img housing_homestay.gif
2005.08.11 12:13 B G:\globaled\Website\studentsabroad.com\country_img\housing_littlehouse.gif <-- LMU /grhodes/country_img housing_littlehouse.gif
2005.08.11 12:13 B G:\globaled\Website\studentsabroad.com\country_img\hybrid4.gif <-- LMU /grhodes/country_img hybrid4.gif
2005.08.11 12:13 B G:\globaled\Website\studentsabroad.com\country_img\icons_small.gif <-- LMU /grhodes/country_img icons_small.gif
2005.08.11 12:13 B G:\globaled\Website\studentsabroad.com\country_img\indivfaculty4.gif <-- LMU /grhodes/country_img indivfaculty4.gif
2005.08.11 12:13 B G:\globaled\Website\studentsabroad.com\country_img\indstudent4.gif <-- LMU /grhodes/country_img indstudent4.gif
2005.08.11 12:13 B G:\globaled\Website\studentsabroad.com\country_img\internet.jpg <-- LMU /grhodes/country_img internet.jpg
2005.08.11 12:13 B G:\globaled\Website\studentsabroad.com\country_img\intro_quote.gif <-- LMU /grhodes/country_img intro_quote.gif
2005.08.11 12:13 B G:\globaled\Website\studentsabroad.com\country_img\intro_welcome.gif <-- LMU /grhodes/country_img intro_welcome.gif
2005.08.11 12:13 B G:\globaled\Website\studentsabroad.com\country_img\introlink1.gif <-- LMU /grhodes/country_img introlink1.gif
2005.08.11 12:13 B G:\globaled\Website\studentsabroad.com\country_img\introlink2.gif <-- LMU /grhodes/country_img introlink2.gif
2005.08.11 12:13 B G:\globaled\Website\studentsabroad.com\country_img\introlink3.gif <-- LMU /grhodes/country_img introlink3.gif
2005.08.11 12:14 B G:\globaled\Website\studentsabroad.com\country_img\introlink4.gif <-- LMU /grhodes/country_img introlink4.gif
2005.08.11 12:14 B G:\globaled\Website\studentsabroad.com\country_img\introsupport.jpg <-- LMU /grhodes/country_img introsupport.jpg
2005.08.11 12:14 B G:\globaled\Website\studentsabroad.com\country_img\laws_gavel.gif <-- LMU /grhodes/country_img laws_gavel.gif
2005.08.11 12:14 B G:\globaled\Website\studentsabroad.com\country_img\laws_jail.gif <-- LMU /grhodes/country_img laws_jail.gif
2005.08.11 12:14 B G:\globaled\Website\studentsabroad.com\country_img\laws_warning.gif <-- LMU /grhodes/country_img laws_warning.gif
2005.08.11 12:14 B G:\globaled\Website\studentsabroad.com\country_img\logoeap.gif <-- LMU /grhodes/country_img logoeap.gif
2005.08.11 12:14 B G:\globaled\Website\studentsabroad.com\country_img\logofipse.gif <-- LMU /grhodes/country_img logofipse.gif
2005.08.11 12:14 B G:\globaled\Website\studentsabroad.com\country_img\logoipseal.gif <-- LMU /grhodes/country_img logoipseal.gif
2005.08.11 12:14 B G:\globaled\Website\studentsabroad.com\country_img\logorutgersstudyabroad.gif <-- LMU /grhodes/country_img logorutgersstudyabroad.gif
2005.08.11 12:14 B G:\globaled\Website\studentsabroad.com\country_img\logosos.gif <-- LMU /grhodes/country_img logosos.gif
2005.08.11 12:14 B G:\globaled\Website\studentsabroad.com\country_img\logostatravel.gif <-- LMU /grhodes/country_img logostatravel.gif
2005.08.11 12:14 B G:\globaled\Website\studentsabroad.com\country_img\logostudyabroadcom.gif <-- LMU /grhodes/country_img logostudyabroadcom.gif
2005.08.11 12:14 B G:\globaled\Website\studentsabroad.com\country_img\logouop.gif <-- LMU /grhodes/country_img logouop.gif
2005.08.11 12:14 B G:\globaled\Website\studentsabroad.com\country_img\logousc.gif <-- LMU /grhodes/country_img logousc.gif
2005.08.11 12:14 B G:\globaled\Website\studentsabroad.com\country_img\medical_clipboard.gif <-- LMU /grhodes/country_img medical_clipboard.gif
2005.08.11 12:14 B G:\globaled\Website\studentsabroad.com\country_img\medical_doctor.gif <-- LMU /grhodes/country_img medical_doctor.gif
2005.08.11 12:14 B G:\globaled\Website\studentsabroad.com\country_img\medical_drugs.gif <-- LMU /grhodes/country_img medical_drugs.gif
2005.08.11 12:14 B G:\globaled\Website\studentsabroad.com\country_img\medical_face.gif <-- LMU /grhodes/country_img medical_face.gif
2005.08.11 12:14 B G:\globaled\Website\studentsabroad.com\country_img\note.gif <-- LMU /grhodes/country_img note.gif
2005.08.11 12:14 B G:\globaled\Website\studentsabroad.com\country_img\packing_bags.gif <-- LMU /grhodes/country_img packing_bags.gif
2005.08.11 12:14 B G:\globaled\Website\studentsabroad.com\country_img\packing_boat.gif <-- LMU /grhodes/country_img packing_boat.gif
2005.08.11 12:14 B G:\globaled\Website\studentsabroad.com\country_img\packing_boxes.gif <-- LMU /grhodes/country_img packing_boxes.gif
2005.08.11 12:14 B G:\globaled\Website\studentsabroad.com\country_img\packing_finger.gif <-- LMU /grhodes/country_img packing_finger.gif
2005.08.11 12:14 B G:\globaled\Website\studentsabroad.com\country_img\packing_manbags.gif <-- LMU /grhodes/country_img packing_manbags.gif
2005.08.11 12:14 B G:\globaled\Website\studentsabroad.com\country_img\passport.gif <-- LMU /grhodes/country_img passport.gif
2005.08.11 12:14 B G:\globaled\Website\studentsabroad.com\country_img\phrases_small.gif <-- LMU /grhodes/country_img phrases_small.gif
2005.08.11 12:14 B G:\globaled\Website\studentsabroad.com\country_img\planning_drugs.gif <-- LMU /grhodes/country_img planning_drugs.gif
2005.08.11 12:14 B G:\globaled\Website\studentsabroad.com\country_img\planning_id.gif <-- LMU /grhodes/country_img planning_id.gif
2005.08.11 12:14 B G:\globaled\Website\studentsabroad.com\country_img\planning_money.gif <-- LMU /grhodes/country_img planning_money.gif
2005.08.11 12:14 B G:\globaled\Website\studentsabroad.com\country_img\planning_tickets.gif <-- LMU /grhodes/country_img planning_tickets.gif
2005.08.11 12:14 B G:\globaled\Website\studentsabroad.com\country_img\police.jpg <-- LMU /grhodes/country_img police.jpg
2005.08.11 12:14 B G:\globaled\Website\studentsabroad.com\country_img\postoffice.jpg <-- LMU /grhodes/country_img postoffice.jpg
2005.08.11 12:14 B G:\globaled\Website\studentsabroad.com\country_img\program_cash.gif <-- LMU /grhodes/country_img program_cash.gif
2005.08.11 12:14 B G:\globaled\Website\studentsabroad.com\country_img\program_groups.gif <-- LMU /grhodes/country_img program_groups.gif
2005.08.11 12:14 B G:\globaled\Website\studentsabroad.com\country_img\program_man.gif <-- LMU /grhodes/country_img program_man.gif
2005.08.11 12:14 B G:\globaled\Website\studentsabroad.com\country_img\program_question.gif <-- LMU /grhodes/country_img program_question.gif
2005.08.11 12:14 B G:\globaled\Website\studentsabroad.com\country_img\program_sig.gif <-- LMU /grhodes/country_img program_sig.gif
2005.08.11 12:14 B G:\globaled\Website\studentsabroad.com\country_img\program_talk.gif <-- LMU /grhodes/country_img program_talk.gif
2005.08.11 12:14 B G:\globaled\Website\studentsabroad.com\country_img\questions.jpg <-- LMU /grhodes/country_img questions.jpg
2005.08.11 12:14 B G:\globaled\Website\studentsabroad.com\country_img\resources.jpg <-- LMU /grhodes/country_img resources.jpg
2005.08.11 12:14 B G:\globaled\Website\studentsabroad.com\country_img\reverse_cycle.gif <-- LMU /grhodes/country_img reverse_cycle.gif
2005.08.11 12:14 B G:\globaled\Website\studentsabroad.com\country_img\reverse_jump.gif <-- LMU /grhodes/country_img reverse_jump.gif
2005.08.11 12:14 B G:\globaled\Website\studentsabroad.com\country_img\reverse_stand.gif <-- LMU /grhodes/country_img reverse_stand.gif
2005.08.11 12:14 B G:\globaled\Website\studentsabroad.com\country_img\risk_bad.gif <-- LMU /grhodes/country_img risk_bad.gif
2005.08.11 12:14 B G:\globaled\Website\studentsabroad.com\country_img\risk_dress.gif <-- LMU /grhodes/country_img risk_dress.gif
2005.08.11 12:14 B G:\globaled\Website\studentsabroad.com\country_img\risk_food.gif <-- LMU /grhodes/country_img risk_food.gif
2005.08.11 12:14 B G:\globaled\Website\studentsabroad.com\country_img\risk_info.gif <-- LMU /grhodes/country_img risk_info.gif
2005.08.11 12:14 B G:\globaled\Website\studentsabroad.com\country_img\risk_warning.gif <-- LMU /grhodes/country_img risk_warning.gif
2005.08.11 12:14 B G:\globaled\Website\studentsabroad.com\country_img\rollercoaster.gif <-- LMU /grhodes/country_img rollercoaster.gif
2005.08.11 12:14 B G:\globaled\Website\studentsabroad.com\country_img\safetyhandbook.jpg <-- LMU /grhodes/country_img safetyhandbook.jpg
2005.08.11 12:14 B G:\globaled\Website\studentsabroad.com\country_img\scissors.gif <-- LMU /grhodes/country_img scissors.gif
2005.08.11 12:14 B G:\globaled\Website\studentsabroad.com\country_img\shock.gif <-- LMU /grhodes/country_img shock.gif
2005.08.11 12:14 B G:\globaled\Website\studentsabroad.com\country_img\shock_clipboard.gif <-- LMU /grhodes/country_img shock_clipboard.gif
2005.08.11 12:14 B G:\globaled\Website\studentsabroad.com\country_img\shock_stress.gif <-- LMU /grhodes/country_img shock_stress.gif
2005.08.11 12:14 B G:\globaled\Website\studentsabroad.com\country_img\si_american.gif <-- LMU /grhodes/country_img si_american.gif
2005.08.11 12:14 B G:\globaled\Website\studentsabroad.com\country_img\si_disabled.gif <-- LMU /grhodes/country_img si_disabled.gif
2005.08.11 12:14 B G:\globaled\Website\studentsabroad.com\country_img\si_gayflag.gif <-- LMU /grhodes/country_img si_gayflag.gif
2005.08.11 12:14 B G:\globaled\Website\studentsabroad.com\country_img\si_religion.gif <-- LMU /grhodes/country_img si_religion.gif
2005.08.11 12:14 B G:\globaled\Website\studentsabroad.com\country_img\si_women.gif <-- LMU /grhodes/country_img si_women.gif
2005.08.11 12:14 B G:\globaled\Website\studentsabroad.com\country_img\smallaus.gif <-- LMU /grhodes/country_img smallaus.gif
2005.08.11 12:14 B G:\globaled\Website\studentsabroad.com\country_img\smallbrit.gif <-- LMU /grhodes/country_img smallbrit.gif
2005.08.11 12:14 B G:\globaled\Website\studentsabroad.com\country_img\smallcan.gif <-- LMU /grhodes/country_img smallcan.gif
2005.08.11 12:14 B G:\globaled\Website\studentsabroad.com\country_img\subway.jpg <-- LMU /grhodes/country_img subway.jpg
2005.08.11 12:14 B G:\globaled\Website\studentsabroad.com\country_img\suitcase.gif <-- LMU /grhodes/country_img suitcase.gif
2005.08.11 12:14 B G:\globaled\Website\studentsabroad.com\country_img\supportby.gif <-- LMU /grhodes/country_img supportby.gif
2005.08.11 12:14 B G:\globaled\Website\studentsabroad.com\country_img\talking.gif <-- LMU /grhodes/country_img talking.gif
2005.08.11 12:14 B G:\globaled\Website\studentsabroad.com\country_img\talking.jpg <-- LMU /grhodes/country_img talking.jpg
2005.08.11 12:14 B G:\globaled\Website\studentsabroad.com\country_img\taxi.jpg <-- LMU /grhodes/country_img taxi.jpg
2005.08.11 12:14 B G:\globaled\Website\studentsabroad.com\country_img\telephone.jpg <-- LMU /grhodes/country_img telephone.jpg
2005.08.11 12:14 B G:\globaled\Website\studentsabroad.com\country_img\top10_2.gif <-- LMU /grhodes/country_img top10_2.gif
2005.08.11 12:14 B G:\globaled\Website\studentsabroad.com\country_img\tothetop.gif <-- LMU /grhodes/country_img tothetop.gif
2005.08.11 12:14 B G:\globaled\Website\studentsabroad.com\country_img\water.jpg <-- LMU /grhodes/country_img water.jpg
2005.08.11 12:14 B G:\globaled\Website\studentsabroad.com\country_img\words_small.gif <-- LMU /grhodes/country_img words_small.gif
